This is METAFONT, Version 2.71828 (Web2C 7.5.6) (base=mf 2010.12.6)  6 DEC 2010 18:38
**\mode:=ljfour; mag:=1+0/600; nonstopmode; input ecti1200
(/usr/share/texmf/fonts/source/jknappen/ec/ecti1200.mf
(/usr/share/texmf/fonts/source/jknappen/ec/exbase.mf)
(/usr/share/texmf/fonts/source/jknappen/ec/ecti.mf
(/usr/share/texmf/fonts/source/jknappen/ec/extextit.mf
 Ok (/usr/share/texmf/fonts/source/jknappen/ec/exaccess.mf
 Ok) (/usr/share/texmf/fonts/source/jknappen/ec/expseudo.mf
 Ok) (/usr/share/texmf/fonts/source/jknappen/ec/exileast.mf
 Ok [158] [160] [161] [162] [163] [164] [165] [166] [167] [168] [169] [170]
[171] [172] [173] [174] [175] [176] [177] [178] [179] [180] [181] [182]
[183] [184] [185] [186] [187] [188])
(/usr/share/texmf/fonts/source/jknappen/ec/exilwest.mf
 Ok [224] [225] [226] [227] [228] [229] [230] [231] [232] [233] [234] [235]
[236] [237] [238] [239] [240] [241] [242] [243] [244] [245] [246] [247]
[248] [249] [250] [251] [252] [253] [254] [255])
(/usr/share/texmf/fonts/source/jknappen/ec/exruwest.mf
 Ok [192] [193] [194] [195] [196] [197] [198] [199] [200] [201] [202] [203]
[204] [205] [206] [207] [208] [209] [210] [211] [212] [213] [214] [215]
[216] [217] [218] [219] [220] [221] [222] [223])
(/usr/share/texmf/fonts/source/jknappen/ec/exrueast.mf
 Ok [128] [129] [130] [131] [132] [133] [134] [135] [136] [137] [138] [139]
[140] [141] [142] [143] [144] [145] [146] [147] [148] [149] [150] [151]
[152] [153] [154] [155] [156] [157])
(/usr/share/texmf/fonts/source/jknappen/ec/exbraces.mf
 Ok [94] [126] [23] [40] [41] [60] [124] [62] [91] [93] [92] [123] [125]
[95] [127] [32]) (/usr/share/texmf/fonts/source/jknappen/ec/expunct.mf
 Ok [14] [15] [19]
! Interruption.
<to be read again> 
                   pixels_per_inch
mode_common_setup_->...ngtitles,if.pixels_per_inch
                                                  >1200:1else:0fi);
ljfour_->...ram(o_correction,1);mode_common_setup_
                                                  ;
<scantokens> ljfour_
                    
<to be read again> 
                   ;
mode_setup->...nput "&mode)else:mode_name[mode]fi;
                                                  if.unknown.mag:mag=1;fi.if...
<for(%CAPSULE13385)> ...ear_mode_guards;mode_setup
                                                  ;font_setup;pseudo_setup;i...
l.119 repeat_once
                 ;
? 
! Emergency stop.
<to be read again> 
                   pixels_per_inch
mode_common_setup_->...ngtitles,if.pixels_per_inch
                                                  >1200:1else:0fi);
ljfour_->...ram(o_correction,1);mode_common_setup_
                                                  ;
<scantokens> ljfour_
                    
<to be read again> 
                   ;
mode_setup->...nput "&mode)else:mode_name[mode]fi;
                                                  if.unknown.mag:mag=1;fi.if...
<for(%CAPSULE13385)> ...ear_mode_guards;mode_setup
                                                  ;font_setup;pseudo_setup;i...
l.119 repeat_once
                 ;
End of file on the terminal!

 
Here is how much of METAFONT's memory you used:
 590 strings out of 5276
 6557 string characters out of 70110
 44778 words of memory out of 1500000
 1486 symbolic tokens out of 9500
 13i,79n,0r,23p,232b stack positions out of 300i,300n,1000r,150p,200000b
 
(You used 29w,16h,8d,42i,0l,0k,0e,0p metric file positions
  out of 256w,16h,16d,64i,15000l,2500k,256e,60p)
Font metrics written on ecti1200.tfm.
Output written on ecti1200.600gf (143 characters, 38108 bytes).
